Performing C++ SOURCE FILE Test HAVE_CXX_FLAG_WSHORTEN_64_TO_32 failed with the following output:
Change Dir: /root/grpc/build/CMakeFiles/CMakeTmp

Run Build Command(s):/usr/bin/gmake cmTC_7c604/fast 
/usr/bin/gmake -f CMakeFiles/cmTC_7c604.dir/build.make CMakeFiles/cmTC_7c604.dir/build
gmake[1]: Entering directory '/root/grpc/build/CMakeFiles/CMakeTmp'
Building CXX object CMakeFiles/cmTC_7c604.dir/src.cxx.o
/usr/bin/g++    -std=c++11  -Wall  -Wextra  -Wshadow  -pedantic  -pedantic-errors -DHAVE_CXX_FLAG_WSHORTEN_64_TO_32  -Wshorten-64-to-32 -fPIE   -Wshorten-64-to-32 -o CMakeFiles/cmTC_7c604.dir/src.cxx.o -c /root/grpc/build/CMakeFiles/CMakeTmp/src.cxx
g++: error: unrecognized command line option '-Wshorten-64-to-32'
g++: error: unrecognized command line option '-Wshorten-64-to-32'
gmake[1]: *** [CMakeFiles/cmTC_7c604.dir/build.make:66: CMakeFiles/cmTC_7c604.dir/src.cxx.o] Error 1
gmake[1]: Leaving directory '/root/grpc/build/CMakeFiles/CMakeTmp'
gmake: *** [Makefile:121: cmTC_7c604/fast] Error 2

Source file was:
int main() { return 0; }
Performing C++ SOURCE FILE Test HAVE_CXX_FLAG_WD654 failed with the following output:
Change Dir: /root/grpc/build/CMakeFiles/CMakeTmp

Run Build Command(s):/usr/bin/gmake cmTC_921e3/fast 
/usr/bin/gmake -f CMakeFiles/cmTC_921e3.dir/build.make CMakeFiles/cmTC_921e3.dir/build
gmake[1]: Entering directory '/root/grpc/build/CMakeFiles/CMakeTmp'
Building CXX object CMakeFiles/cmTC_921e3.dir/src.cxx.o
/usr/bin/g++    -std=c++11  -Wall  -Wextra  -Wshadow  -pedantic  -pedantic-errors  -fstrict-aliasing  -Wno-deprecated-declarations  -Wstrict-aliasing -DHAVE_CXX_FLAG_WD654  -wd654 -fPIE   -wd654 -o CMakeFiles/cmTC_921e3.dir/src.cxx.o -c /root/grpc/build/CMakeFiles/CMakeTmp/src.cxx
g++: error: unrecognized command line option '-wd654'
g++: error: unrecognized command line option '-wd654'
gmake[1]: *** [CMakeFiles/cmTC_921e3.dir/build.make:66: CMakeFiles/cmTC_921e3.dir/src.cxx.o] Error 1
gmake[1]: Leaving directory '/root/grpc/build/CMakeFiles/CMakeTmp'
gmake: *** [Makefile:121: cmTC_921e3/fast] Error 2

Source file was:
int main() { return 0; }
Performing C++ SOURCE FILE Test HAVE_CXX_FLAG_WTHREAD_SAFETY failed with the following output:
Change Dir: /root/grpc/build/CMakeFiles/CMakeTmp

Run Build Command(s):/usr/bin/gmake cmTC_a235e/fast 
/usr/bin/gmake -f CMakeFiles/cmTC_a235e.dir/build.make CMakeFiles/cmTC_a235e.dir/build
gmake[1]: Entering directory '/root/grpc/build/CMakeFiles/CMakeTmp'
Building CXX object CMakeFiles/cmTC_a235e.dir/src.cxx.o
/usr/bin/g++    -std=c++11  -Wall  -Wextra  -Wshadow  -pedantic  -pedantic-errors  -fstrict-aliasing  -Wno-deprecated-declarations  -Wstrict-aliasing -DHAVE_CXX_FLAG_WTHREAD_SAFETY  -Wthread-safety -fPIE   -Wthread-safety -o CMakeFiles/cmTC_a235e.dir/src.cxx.o -c /root/grpc/build/CMakeFiles/CMakeTmp/src.cxx
g++: error: unrecognized command line option '-Wthread-safety'
g++: error: unrecognized command line option '-Wthread-safety'
gmake[1]: *** [CMakeFiles/cmTC_a235e.dir/build.make:66: CMakeFiles/cmTC_a235e.dir/src.cxx.o] Error 1
gmake[1]: Leaving directory '/root/grpc/build/CMakeFiles/CMakeTmp'
gmake: *** [Makefile:121: cmTC_a235e/fast] Error 2

Source file was:
int main() { return 0; }
Determining if the pthread_create exist failed with the following output:
Change Dir: /root/grpc/build/CMakeFiles/CMakeTmp

Run Build Command(s):/usr/bin/gmake cmTC_d1646/fast 
/usr/bin/gmake -f CMakeFiles/cmTC_d1646.dir/build.make CMakeFiles/cmTC_d1646.dir/build
gmake[1]: Entering directory '/root/grpc/build/CMakeFiles/CMakeTmp'
Building C object CMakeFiles/cmTC_d1646.dir/CheckSymbolExists.c.o
/usr/bin/gcc   -fPIE   -o CMakeFiles/cmTC_d1646.dir/CheckSymbolExists.c.o   -c /root/grpc/build/CMakeFiles/CMakeTmp/CheckSymbolExists.c
Linking C executable cmTC_d1646
/usr/bin/cmake -E cmake_link_script CMakeFiles/cmTC_d1646.dir/link.txt --verbose=1
/usr/bin/gcc      CMakeFiles/cmTC_d1646.dir/CheckSymbolExists.c.o  -o cmTC_d1646 
/usr/bin/ld: CMakeFiles/cmTC_d1646.dir/CheckSymbolExists.c.o: in function `main':
CheckSymbolExists.c:(.text+0x1b): undefined reference to `pthread_create'
collect2: error: ld returned 1 exit status
gmake[1]: *** [CMakeFiles/cmTC_d1646.dir/build.make:87: cmTC_d1646] Error 1
gmake[1]: Leaving directory '/root/grpc/build/CMakeFiles/CMakeTmp'
gmake: *** [Makefile:121: cmTC_d1646/fast] Error 2

File /root/grpc/build/CMakeFiles/CMakeTmp/CheckSymbolExists.c:
/* */
#include <pthread.h>

int main(int argc, char** argv)
{
  (void)argv;
#ifndef pthread_create
  return ((int*)(&pthread_create))[argc];
#else
  (void)argc;
  return 0;
#endif
}

Determining if the function res_servicename exists in the resolv failed with the following output:
Change Dir: /root/grpc/build/CMakeFiles/CMakeTmp

Run Build Command(s):/usr/bin/gmake cmTC_2e859/fast 
/usr/bin/gmake -f CMakeFiles/cmTC_2e859.dir/build.make CMakeFiles/cmTC_2e859.dir/build
gmake[1]: Entering directory '/root/grpc/build/CMakeFiles/CMakeTmp'
Building C object CMakeFiles/cmTC_2e859.dir/CheckFunctionExists.c.o
/usr/bin/gcc   -DCHECK_FUNCTION_EXISTS=res_servicename -fPIE   -o CMakeFiles/cmTC_2e859.dir/CheckFunctionExists.c.o   -c /usr/share/cmake/Modules/CheckFunctionExists.c
Linking C executable cmTC_2e859
/usr/bin/cmake -E cmake_link_script CMakeFiles/cmTC_2e859.dir/link.txt --verbose=1
/usr/bin/gcc  -DCHECK_FUNCTION_EXISTS=res_servicename    CMakeFiles/cmTC_2e859.dir/CheckFunctionExists.c.o  -o cmTC_2e859 -lresolv 
/usr/bin/ld: CMakeFiles/cmTC_2e859.dir/CheckFunctionExists.c.o: in function `main':
CheckFunctionExists.c:(.text+0x10): undefined reference to `res_servicename'
collect2: error: ld returned 1 exit status
gmake[1]: *** [CMakeFiles/cmTC_2e859.dir/build.make:87: cmTC_2e859] Error 1
gmake[1]: Leaving directory '/root/grpc/build/CMakeFiles/CMakeTmp'
gmake: *** [Makefile:121: cmTC_2e859/fast] Error 2


Determining if the function gethostbyname exists in the nsl failed with the following output:
Change Dir: /root/grpc/build/CMakeFiles/CMakeTmp

Run Build Command(s):/usr/bin/gmake cmTC_921ae/fast 
/usr/bin/gmake -f CMakeFiles/cmTC_921ae.dir/build.make CMakeFiles/cmTC_921ae.dir/build
gmake[1]: Entering directory '/root/grpc/build/CMakeFiles/CMakeTmp'
Building C object CMakeFiles/cmTC_921ae.dir/CheckFunctionExists.c.o
/usr/bin/gcc   -DCHECK_FUNCTION_EXISTS=gethostbyname -fPIE   -o CMakeFiles/cmTC_921ae.dir/CheckFunctionExists.c.o   -c /usr/share/cmake/Modules/CheckFunctionExists.c
Linking C executable cmTC_921ae
/usr/bin/cmake -E cmake_link_script CMakeFiles/cmTC_921ae.dir/link.txt --verbose=1
/usr/bin/gcc  -DCHECK_FUNCTION_EXISTS=gethostbyname    CMakeFiles/cmTC_921ae.dir/CheckFunctionExists.c.o  -o cmTC_921ae -lnsl 
/usr/bin/ld: cannot find -lnsl
collect2: error: ld returned 1 exit status
gmake[1]: *** [CMakeFiles/cmTC_921ae.dir/build.make:87: cmTC_921ae] Error 1
gmake[1]: Leaving directory '/root/grpc/build/CMakeFiles/CMakeTmp'
gmake: *** [Makefile:121: cmTC_921ae/fast] Error 2


Determining if the function gethostbyname exists in the socket failed with the following output:
Change Dir: /root/grpc/build/CMakeFiles/CMakeTmp

Run Build Command(s):/usr/bin/gmake cmTC_f77fd/fast 
/usr/bin/gmake -f CMakeFiles/cmTC_f77fd.dir/build.make CMakeFiles/cmTC_f77fd.dir/build
gmake[1]: Entering directory '/root/grpc/build/CMakeFiles/CMakeTmp'
Building C object CMakeFiles/cmTC_f77fd.dir/CheckFunctionExists.c.o
/usr/bin/gcc   -DCHECK_FUNCTION_EXISTS=gethostbyname -fPIE   -o CMakeFiles/cmTC_f77fd.dir/CheckFunctionExists.c.o   -c /usr/share/cmake/Modules/CheckFunctionExists.c
Linking C executable cmTC_f77fd
/usr/bin/cmake -E cmake_link_script CMakeFiles/cmTC_f77fd.dir/link.txt --verbose=1
/usr/bin/gcc  -DCHECK_FUNCTION_EXISTS=gethostbyname    CMakeFiles/cmTC_f77fd.dir/CheckFunctionExists.c.o  -o cmTC_f77fd -lsocket 
/usr/bin/ld: cannot find -lsocket
collect2: error: ld returned 1 exit status
gmake[1]: *** [CMakeFiles/cmTC_f77fd.dir/build.make:87: cmTC_f77fd] Error 1
gmake[1]: Leaving directory '/root/grpc/build/CMakeFiles/CMakeTmp'
gmake: *** [Makefile:121: cmTC_f77fd/fast] Error 2


Determining if the function socket exists in the socket failed with the following output:
Change Dir: /root/grpc/build/CMakeFiles/CMakeTmp

Run Build Command(s):/usr/bin/gmake cmTC_e0a3c/fast 
/usr/bin/gmake -f CMakeFiles/cmTC_e0a3c.dir/build.make CMakeFiles/cmTC_e0a3c.dir/build
gmake[1]: Entering directory '/root/grpc/build/CMakeFiles/CMakeTmp'
Building C object CMakeFiles/cmTC_e0a3c.dir/CheckFunctionExists.c.o
/usr/bin/gcc   -DCHECK_FUNCTION_EXISTS=socket -fPIE   -o CMakeFiles/cmTC_e0a3c.dir/CheckFunctionExists.c.o   -c /usr/share/cmake/Modules/CheckFunctionExists.c
Linking C executable cmTC_e0a3c
/usr/bin/cmake -E cmake_link_script CMakeFiles/cmTC_e0a3c.dir/link.txt --verbose=1
/usr/bin/gcc  -DCHECK_FUNCTION_EXISTS=socket    CMakeFiles/cmTC_e0a3c.dir/CheckFunctionExists.c.o  -o cmTC_e0a3c -lsocket 
/usr/bin/ld: cannot find -lsocket
collect2: error: ld returned 1 exit status
gmake[1]: *** [CMakeFiles/cmTC_e0a3c.dir/build.make:87: cmTC_e0a3c] Error 1
gmake[1]: Leaving directory '/root/grpc/build/CMakeFiles/CMakeTmp'
gmake: *** [Makefile:121: cmTC_e0a3c/fast] Error 2


Determining if files socket.h exist failed with the following output:
Change Dir: /root/grpc/build/CMakeFiles/CMakeTmp

Run Build Command(s):/usr/bin/gmake cmTC_38b65/fast 
/usr/bin/gmake -f CMakeFiles/cmTC_38b65.dir/build.make CMakeFiles/cmTC_38b65.dir/build
gmake[1]: Entering directory '/root/grpc/build/CMakeFiles/CMakeTmp'
Building C object CMakeFiles/cmTC_38b65.dir/HAVE_SOCKET_H.c.o
/usr/bin/gcc   -fPIE   -o CMakeFiles/cmTC_38b65.dir/HAVE_SOCKET_H.c.o   -c /root/grpc/build/CMakeFiles/CheckIncludeFiles/HAVE_SOCKET_H.c
/root/grpc/build/CMakeFiles/CheckIncludeFiles/HAVE_SOCKET_H.c:2:10: fatal error: socket.h: No such file or directory
    2 | #include <socket.h>
      |          ^~~~~~~~~~
compilation terminated.
gmake[1]: *** [CMakeFiles/cmTC_38b65.dir/build.make:66: CMakeFiles/cmTC_38b65.dir/HAVE_SOCKET_H.c.o] Error 1
gmake[1]: Leaving directory '/root/grpc/build/CMakeFiles/CMakeTmp'
gmake: *** [Makefile:121: cmTC_38b65/fast] Error 2

Source:
/* */
#include <socket.h>


int main(void){return 0;}

Determining if files stropts.h exist failed with the following output:
Change Dir: /root/grpc/build/CMakeFiles/CMakeTmp

Run Build Command(s):/usr/bin/gmake cmTC_2ee7c/fast 
/usr/bin/gmake -f CMakeFiles/cmTC_2ee7c.dir/build.make CMakeFiles/cmTC_2ee7c.dir/build
gmake[1]: Entering directory '/root/grpc/build/CMakeFiles/CMakeTmp'
Building C object CMakeFiles/cmTC_2ee7c.dir/HAVE_STROPTS_H.c.o
/usr/bin/gcc   -fPIE   -o CMakeFiles/cmTC_2ee7c.dir/HAVE_STROPTS_H.c.o   -c /root/grpc/build/CMakeFiles/CheckIncludeFiles/HAVE_STROPTS_H.c
/root/grpc/build/CMakeFiles/CheckIncludeFiles/HAVE_STROPTS_H.c:2:10: fatal error: stropts.h: No such file or directory
    2 | #include <stropts.h>
      |          ^~~~~~~~~~~
compilation terminated.
gmake[1]: *** [CMakeFiles/cmTC_2ee7c.dir/build.make:66: CMakeFiles/cmTC_2ee7c.dir/HAVE_STROPTS_H.c.o] Error 1
gmake[1]: Leaving directory '/root/grpc/build/CMakeFiles/CMakeTmp'
gmake: *** [Makefile:121: cmTC_2ee7c/fast] Error 2

Source:
/* */
#include <stropts.h>


int main(void){return 0;}

Determining if files winsock2.h;windows.h exist failed with the following output:
Change Dir: /root/grpc/build/CMakeFiles/CMakeTmp

Run Build Command(s):/usr/bin/gmake cmTC_4f5fa/fast 
/usr/bin/gmake -f CMakeFiles/cmTC_4f5fa.dir/build.make CMakeFiles/cmTC_4f5fa.dir/build
gmake[1]: Entering directory '/root/grpc/build/CMakeFiles/CMakeTmp'
Building C object CMakeFiles/cmTC_4f5fa.dir/HAVE_WINSOCK2_H.c.o
/usr/bin/gcc   -fPIE   -o CMakeFiles/cmTC_4f5fa.dir/HAVE_WINSOCK2_H.c.o   -c /root/grpc/build/CMakeFiles/CheckIncludeFiles/HAVE_WINSOCK2_H.c
/root/grpc/build/CMakeFiles/CheckIncludeFiles/HAVE_WINSOCK2_H.c:2:10: fatal error: winsock2.h: No such file or directory
    2 | #include <winsock2.h>
      |          ^~~~~~~~~~~~
compilation terminated.
gmake[1]: *** [CMakeFiles/cmTC_4f5fa.dir/build.make:66: CMakeFiles/cmTC_4f5fa.dir/HAVE_WINSOCK2_H.c.o] Error 1
gmake[1]: Leaving directory '/root/grpc/build/CMakeFiles/CMakeTmp'
gmake: *** [Makefile:121: cmTC_4f5fa/fast] Error 2

Source:
/* */
#include <winsock2.h>
#include <windows.h>


int main(void){return 0;}

Determining if files winsock2.h;ws2tcpip.h;windows.h exist failed with the following output:
Change Dir: /root/grpc/build/CMakeFiles/CMakeTmp

Run Build Command(s):/usr/bin/gmake cmTC_b705f/fast 
/usr/bin/gmake -f CMakeFiles/cmTC_b705f.dir/build.make CMakeFiles/cmTC_b705f.dir/build
gmake[1]: Entering directory '/root/grpc/build/CMakeFiles/CMakeTmp'
Building C object CMakeFiles/cmTC_b705f.dir/HAVE_WS2TCPIP_H.c.o
/usr/bin/gcc   -fPIE   -o CMakeFiles/cmTC_b705f.dir/HAVE_WS2TCPIP_H.c.o   -c /root/grpc/build/CMakeFiles/CheckIncludeFiles/HAVE_WS2TCPIP_H.c
/root/grpc/build/CMakeFiles/CheckIncludeFiles/HAVE_WS2TCPIP_H.c:2:10: fatal error: winsock2.h: No such file or directory
    2 | #include <winsock2.h>
      |          ^~~~~~~~~~~~
compilation terminated.
gmake[1]: *** [CMakeFiles/cmTC_b705f.dir/build.make:66: CMakeFiles/cmTC_b705f.dir/HAVE_WS2TCPIP_H.c.o] Error 1
gmake[1]: Leaving directory '/root/grpc/build/CMakeFiles/CMakeTmp'
gmake: *** [Makefile:121: cmTC_b705f/fast] Error 2

Source:
/* */
#include <winsock2.h>
#include <ws2tcpip.h>
#include <windows.h>


int main(void){return 0;}

Determining if files winsock.h;windows.h exist failed with the following output:
Change Dir: /root/grpc/build/CMakeFiles/CMakeTmp

Run Build Command(s):/usr/bin/gmake cmTC_906db/fast 
/usr/bin/gmake -f CMakeFiles/cmTC_906db.dir/build.make CMakeFiles/cmTC_906db.dir/build
gmake[1]: Entering directory '/root/grpc/build/CMakeFiles/CMakeTmp'
Building C object CMakeFiles/cmTC_906db.dir/HAVE_WINSOCK_H.c.o
/usr/bin/gcc   -fPIE   -o CMakeFiles/cmTC_906db.dir/HAVE_WINSOCK_H.c.o   -c /root/grpc/build/CMakeFiles/CheckIncludeFiles/HAVE_WINSOCK_H.c
/root/grpc/build/CMakeFiles/CheckIncludeFiles/HAVE_WINSOCK_H.c:2:10: fatal error: winsock.h: No such file or directory
    2 | #include <winsock.h>
      |          ^~~~~~~~~~~
compilation terminated.
gmake[1]: *** [CMakeFiles/cmTC_906db.dir/build.make:66: CMakeFiles/cmTC_906db.dir/HAVE_WINSOCK_H.c.o] Error 1
gmake[1]: Leaving directory '/root/grpc/build/CMakeFiles/CMakeTmp'
gmake: *** [Makefile:121: cmTC_906db/fast] Error 2

Source:
/* */
#include <winsock.h>
#include <windows.h>


int main(void){return 0;}

Determining if files windows.h exist failed with the following output:
Change Dir: /root/grpc/build/CMakeFiles/CMakeTmp

Run Build Command(s):/usr/bin/gmake cmTC_5fad8/fast 
/usr/bin/gmake -f CMakeFiles/cmTC_5fad8.dir/build.make CMakeFiles/cmTC_5fad8.dir/build
gmake[1]: Entering directory '/root/grpc/build/CMakeFiles/CMakeTmp'
Building C object CMakeFiles/cmTC_5fad8.dir/HAVE_WINDOWS_H.c.o
/usr/bin/gcc   -fPIE   -o CMakeFiles/cmTC_5fad8.dir/HAVE_WINDOWS_H.c.o   -c /root/grpc/build/CMakeFiles/CheckIncludeFiles/HAVE_WINDOWS_H.c
/root/grpc/build/CMakeFiles/CheckIncludeFiles/HAVE_WINDOWS_H.c:2:10: fatal error: windows.h: No such file or directory
    2 | #include <windows.h>
      |          ^~~~~~~~~~~
compilation terminated.
gmake[1]: *** [CMakeFiles/cmTC_5fad8.dir/build.make:66: CMakeFiles/cmTC_5fad8.dir/HAVE_WINDOWS_H.c.o] Error 1
gmake[1]: Leaving directory '/root/grpc/build/CMakeFiles/CMakeTmp'
gmake: *** [Makefile:121: cmTC_5fad8/fast] Error 2

Source:
/* */
#include <windows.h>


int main(void){return 0;}

Performing C SOURCE FILE Test HAVE_TYPE_SOCKET failed with the following output:
Change Dir: /root/grpc/build/CMakeFiles/CMakeTmp

Run Build Command(s):/usr/bin/gmake cmTC_4c113/fast 
/usr/bin/gmake -f CMakeFiles/cmTC_4c113.dir/build.make CMakeFiles/cmTC_4c113.dir/build
gmake[1]: Entering directory '/root/grpc/build/CMakeFiles/CMakeTmp'
Building C object CMakeFiles/cmTC_4c113.dir/src.c.o
/usr/bin/gcc -D_GNU_SOURCE -D_POSIX_C_SOURCE=199309L -D_XOPEN_SOURCE=600  -DHAVE_TYPE_SOCKET -fPIE   -o CMakeFiles/cmTC_4c113.dir/src.c.o   -c /root/grpc/build/CMakeFiles/CMakeTmp/src.c
/root/grpc/build/CMakeFiles/CMakeTmp/src.c: In function ‘main’:
/root/grpc/build/CMakeFiles/CMakeTmp/src.c:26:4: error: unknown type name ‘SOCKET’
   26 |    SOCKET var_exists;
      |    ^~~~~~
gmake[1]: *** [CMakeFiles/cmTC_4c113.dir/build.make:66: CMakeFiles/cmTC_4c113.dir/src.c.o] Error 1
gmake[1]: Leaving directory '/root/grpc/build/CMakeFiles/CMakeTmp'
gmake: *** [Makefile:121: cmTC_4c113/fast] Error 2

Source file was:

		#include <stdio.h>
		#include <stdlib.h>
	
		#include <stdbool.h>
		#include <sys/types.h>
		#include <arpa/inet.h>
		#include <arpa/nameser.h>
		#include <netdb.h>
		#include <net/if.h>
		#include <netinet/in.h>
		#include <netinet/tcp.h>
		#include <signal.h>
		#include <stdlib.h>
		#include <string.h>
		#include <strings.h>
		#include <sys/ioctl.h>
		#include <sys/select.h>
		#include <sys/socket.h>
		#include <sys/time.h>
		#include <sys/uio.h>
		#include <time.h>
		#include <fcntl.h>
		#include <unistd.h>
		int main() {
			SOCKET var_exists;
			(void)var_exists;
			return 0;
		}
	
Determining if the SO_NONBLOCK exist failed with the following output:
Change Dir: /root/grpc/build/CMakeFiles/CMakeTmp

Run Build Command(s):/usr/bin/gmake cmTC_e6d63/fast 
/usr/bin/gmake -f CMakeFiles/cmTC_e6d63.dir/build.make CMakeFiles/cmTC_e6d63.dir/build
gmake[1]: Entering directory '/root/grpc/build/CMakeFiles/CMakeTmp'
Building C object CMakeFiles/cmTC_e6d63.dir/CheckSymbolExists.c.o
/usr/bin/gcc -D_GNU_SOURCE -D_POSIX_C_SOURCE=199309L -D_XOPEN_SOURCE=600  -fPIE   -o CMakeFiles/cmTC_e6d63.dir/CheckSymbolExists.c.o   -c /root/grpc/build/CMakeFiles/CMakeTmp/CheckSymbolExists.c
/root/grpc/build/CMakeFiles/CMakeTmp/CheckSymbolExists.c: In function ‘main’:
/root/grpc/build/CMakeFiles/CMakeTmp/CheckSymbolExists.c:27:19: error: ‘SO_NONBLOCK’ undeclared (first use in this function); did you mean ‘O_NONBLOCK’?
   27 |   return ((int*)(&SO_NONBLOCK))[argc];
      |                   ^~~~~~~~~~~
      |                   O_NONBLOCK
/root/grpc/build/CMakeFiles/CMakeTmp/CheckSymbolExists.c:27:19: note: each undeclared identifier is reported only once for each function it appears in
gmake[1]: *** [CMakeFiles/cmTC_e6d63.dir/build.make:66: CMakeFiles/cmTC_e6d63.dir/CheckSymbolExists.c.o] Error 1
gmake[1]: Leaving directory '/root/grpc/build/CMakeFiles/CMakeTmp'
gmake: *** [Makefile:121: cmTC_e6d63/fast] Error 2

File /root/grpc/build/CMakeFiles/CMakeTmp/CheckSymbolExists.c:
/* */
#include <stdbool.h>
#include <sys/types.h>
#include <arpa/inet.h>
#include <arpa/nameser.h>
#include <netdb.h>
#include <net/if.h>
#include <netinet/in.h>
#include <netinet/tcp.h>
#include <signal.h>
#include <stdlib.h>
#include <string.h>
#include <strings.h>
#include <sys/ioctl.h>
#include <sys/select.h>
#include <sys/socket.h>
#include <sys/time.h>
#include <sys/uio.h>
#include <time.h>
#include <fcntl.h>
#include <unistd.h>

int main(int argc, char** argv)
{
  (void)argv;
#ifndef SO_NONBLOCK
  return ((int*)(&SO_NONBLOCK))[argc];
#else
  (void)argc;
  return 0;
#endif
}

Determining if the bitncmp exist failed with the following output:
Change Dir: /root/grpc/build/CMakeFiles/CMakeTmp

Run Build Command(s):/usr/bin/gmake cmTC_66fd3/fast 
/usr/bin/gmake -f CMakeFiles/cmTC_66fd3.dir/build.make CMakeFiles/cmTC_66fd3.dir/build
gmake[1]: Entering directory '/root/grpc/build/CMakeFiles/CMakeTmp'
Building C object CMakeFiles/cmTC_66fd3.dir/CheckSymbolExists.c.o
/usr/bin/gcc -D_GNU_SOURCE -D_POSIX_C_SOURCE=199309L -D_XOPEN_SOURCE=600  -fPIE   -o CMakeFiles/cmTC_66fd3.dir/CheckSymbolExists.c.o   -c /root/grpc/build/CMakeFiles/CMakeTmp/CheckSymbolExists.c
/root/grpc/build/CMakeFiles/CMakeTmp/CheckSymbolExists.c: In function ‘main’:
/root/grpc/build/CMakeFiles/CMakeTmp/CheckSymbolExists.c:27:19: error: ‘bitncmp’ undeclared (first use in this function); did you mean ‘bcmp’?
   27 |   return ((int*)(&bitncmp))[argc];
      |                   ^~~~~~~
      |                   bcmp
/root/grpc/build/CMakeFiles/CMakeTmp/CheckSymbolExists.c:27:19: note: each undeclared identifier is reported only once for each function it appears in
gmake[1]: *** [CMakeFiles/cmTC_66fd3.dir/build.make:66: CMakeFiles/cmTC_66fd3.dir/CheckSymbolExists.c.o] Error 1
gmake[1]: Leaving directory '/root/grpc/build/CMakeFiles/CMakeTmp'
gmake: *** [Makefile:121: cmTC_66fd3/fast] Error 2

File /root/grpc/build/CMakeFiles/CMakeTmp/CheckSymbolExists.c:
/* */
#include <stdbool.h>
#include <sys/types.h>
#include <arpa/inet.h>
#include <arpa/nameser.h>
#include <netdb.h>
#include <net/if.h>
#include <netinet/in.h>
#include <netinet/tcp.h>
#include <signal.h>
#include <stdlib.h>
#include <string.h>
#include <strings.h>
#include <sys/ioctl.h>
#include <sys/select.h>
#include <sys/socket.h>
#include <sys/time.h>
#include <sys/uio.h>
#include <time.h>
#include <fcntl.h>
#include <unistd.h>

int main(int argc, char** argv)
{
  (void)argv;
#ifndef bitncmp
  return ((int*)(&bitncmp))[argc];
#else
  (void)argc;
  return 0;
#endif
}

Determining if the closesocket exist failed with the following output:
Change Dir: /root/grpc/build/CMakeFiles/CMakeTmp

Run Build Command(s):/usr/bin/gmake cmTC_66b10/fast 
/usr/bin/gmake -f CMakeFiles/cmTC_66b10.dir/build.make CMakeFiles/cmTC_66b10.dir/build
gmake[1]: Entering directory '/root/grpc/build/CMakeFiles/CMakeTmp'
Building C object CMakeFiles/cmTC_66b10.dir/CheckSymbolExists.c.o
/usr/bin/gcc -D_GNU_SOURCE -D_POSIX_C_SOURCE=199309L -D_XOPEN_SOURCE=600  -fPIE   -o CMakeFiles/cmTC_66b10.dir/CheckSymbolExists.c.o   -c /root/grpc/build/CMakeFiles/CMakeTmp/CheckSymbolExists.c
/root/grpc/build/CMakeFiles/CMakeTmp/CheckSymbolExists.c: In function ‘main’:
/root/grpc/build/CMakeFiles/CMakeTmp/CheckSymbolExists.c:27:19: error: ‘closesocket’ undeclared (first use in this function)
   27 |   return ((int*)(&closesocket))[argc];
      |                   ^~~~~~~~~~~
/root/grpc/build/CMakeFiles/CMakeTmp/CheckSymbolExists.c:27:19: note: each undeclared identifier is reported only once for each function it appears in
gmake[1]: *** [CMakeFiles/cmTC_66b10.dir/build.make:66: CMakeFiles/cmTC_66b10.dir/CheckSymbolExists.c.o] Error 1
gmake[1]: Leaving directory '/root/grpc/build/CMakeFiles/CMakeTmp'
gmake: *** [Makefile:121: cmTC_66b10/fast] Error 2

File /root/grpc/build/CMakeFiles/CMakeTmp/CheckSymbolExists.c:
/* */
#include <stdbool.h>
#include <sys/types.h>
#include <arpa/inet.h>
#include <arpa/nameser.h>
#include <netdb.h>
#include <net/if.h>
#include <netinet/in.h>
#include <netinet/tcp.h>
#include <signal.h>
#include <stdlib.h>
#include <string.h>
#include <strings.h>
#include <sys/ioctl.h>
#include <sys/select.h>
#include <sys/socket.h>
#include <sys/time.h>
#include <sys/uio.h>
#include <time.h>
#include <fcntl.h>
#include <unistd.h>

int main(int argc, char** argv)
{
  (void)argv;
#ifndef closesocket
  return ((int*)(&closesocket))[argc];
#else
  (void)argc;
  return 0;
#endif
}

Determining if the CloseSocket exist failed with the following output:
Change Dir: /root/grpc/build/CMakeFiles/CMakeTmp

Run Build Command(s):/usr/bin/gmake cmTC_c62c5/fast 
/usr/bin/gmake -f CMakeFiles/cmTC_c62c5.dir/build.make CMakeFiles/cmTC_c62c5.dir/build
gmake[1]: Entering directory '/root/grpc/build/CMakeFiles/CMakeTmp'
Building C object CMakeFiles/cmTC_c62c5.dir/CheckSymbolExists.c.o
/usr/bin/gcc -D_GNU_SOURCE -D_POSIX_C_SOURCE=199309L -D_XOPEN_SOURCE=600  -fPIE   -o CMakeFiles/cmTC_c62c5.dir/CheckSymbolExists.c.o   -c /root/grpc/build/CMakeFiles/CMakeTmp/CheckSymbolExists.c
/root/grpc/build/CMakeFiles/CMakeTmp/CheckSymbolExists.c: In function ‘main’:
/root/grpc/build/CMakeFiles/CMakeTmp/CheckSymbolExists.c:27:19: error: ‘CloseSocket’ undeclared (first use in this function)
   27 |   return ((int*)(&CloseSocket))[argc];
      |                   ^~~~~~~~~~~
/root/grpc/build/CMakeFiles/CMakeTmp/CheckSymbolExists.c:27:19: note: each undeclared identifier is reported only once for each function it appears in
gmake[1]: *** [CMakeFiles/cmTC_c62c5.dir/build.make:66: CMakeFiles/cmTC_c62c5.dir/CheckSymbolExists.c.o] Error 1
gmake[1]: Leaving directory '/root/grpc/build/CMakeFiles/CMakeTmp'
gmake: *** [Makefile:121: cmTC_c62c5/fast] Error 2

File /root/grpc/build/CMakeFiles/CMakeTmp/CheckSymbolExists.c:
/* */
#include <stdbool.h>
#include <sys/types.h>
#include <arpa/inet.h>
#include <arpa/nameser.h>
#include <netdb.h>
#include <net/if.h>
#include <netinet/in.h>
#include <netinet/tcp.h>
#include <signal.h>
#include <stdlib.h>
#include <string.h>
#include <strings.h>
#include <sys/ioctl.h>
#include <sys/select.h>
#include <sys/socket.h>
#include <sys/time.h>
#include <sys/uio.h>
#include <time.h>
#include <fcntl.h>
#include <unistd.h>

int main(int argc, char** argv)
{
  (void)argv;
#ifndef CloseSocket
  return ((int*)(&CloseSocket))[argc];
#else
  (void)argc;
  return 0;
#endif
}

Determining if the inet_net_pton exist failed with the following output:
Change Dir: /root/grpc/build/CMakeFiles/CMakeTmp

Run Build Command(s):/usr/bin/gmake cmTC_65973/fast 
/usr/bin/gmake -f CMakeFiles/cmTC_65973.dir/build.make CMakeFiles/cmTC_65973.dir/build
gmake[1]: Entering directory '/root/grpc/build/CMakeFiles/CMakeTmp'
Building C object CMakeFiles/cmTC_65973.dir/CheckSymbolExists.c.o
/usr/bin/gcc -D_GNU_SOURCE -D_POSIX_C_SOURCE=199309L -D_XOPEN_SOURCE=600  -fPIE   -o CMakeFiles/cmTC_65973.dir/CheckSymbolExists.c.o   -c /root/grpc/build/CMakeFiles/CMakeTmp/CheckSymbolExists.c
Linking C executable cmTC_65973
/usr/bin/cmake -E cmake_link_script CMakeFiles/cmTC_65973.dir/link.txt --verbose=1
/usr/bin/gcc      CMakeFiles/cmTC_65973.dir/CheckSymbolExists.c.o  -o cmTC_65973 -lrt 
/usr/bin/ld: CMakeFiles/cmTC_65973.dir/CheckSymbolExists.c.o: in function `main':
CheckSymbolExists.c:(.text+0x1b): undefined reference to `inet_net_pton'
collect2: error: ld returned 1 exit status
gmake[1]: *** [CMakeFiles/cmTC_65973.dir/build.make:87: cmTC_65973] Error 1
gmake[1]: Leaving directory '/root/grpc/build/CMakeFiles/CMakeTmp'
gmake: *** [Makefile:121: cmTC_65973/fast] Error 2

File /root/grpc/build/CMakeFiles/CMakeTmp/CheckSymbolExists.c:
/* */
#include <stdbool.h>
#include <sys/types.h>
#include <arpa/inet.h>
#include <arpa/nameser.h>
#include <netdb.h>
#include <net/if.h>
#include <netinet/in.h>
#include <netinet/tcp.h>
#include <signal.h>
#include <stdlib.h>
#include <string.h>
#include <strings.h>
#include <sys/ioctl.h>
#include <sys/select.h>
#include <sys/socket.h>
#include <sys/time.h>
#include <sys/uio.h>
#include <time.h>
#include <fcntl.h>
#include <unistd.h>

int main(int argc, char** argv)
{
  (void)argv;
#ifndef inet_net_pton
  return ((int*)(&inet_net_pton))[argc];
#else
  (void)argc;
  return 0;
#endif
}

Determining if the ioctlsocket exist failed with the following output:
Change Dir: /root/grpc/build/CMakeFiles/CMakeTmp

Run Build Command(s):/usr/bin/gmake cmTC_e833a/fast 
/usr/bin/gmake -f CMakeFiles/cmTC_e833a.dir/build.make CMakeFiles/cmTC_e833a.dir/build
gmake[1]: Entering directory '/root/grpc/build/CMakeFiles/CMakeTmp'
Building C object CMakeFiles/cmTC_e833a.dir/CheckSymbolExists.c.o
/usr/bin/gcc -D_GNU_SOURCE -D_POSIX_C_SOURCE=199309L -D_XOPEN_SOURCE=600  -fPIE   -o CMakeFiles/cmTC_e833a.dir/CheckSymbolExists.c.o   -c /root/grpc/build/CMakeFiles/CMakeTmp/CheckSymbolExists.c
/root/grpc/build/CMakeFiles/CMakeTmp/CheckSymbolExists.c: In function ‘main’:
/root/grpc/build/CMakeFiles/CMakeTmp/CheckSymbolExists.c:27:19: error: ‘ioctlsocket’ undeclared (first use in this function)
   27 |   return ((int*)(&ioctlsocket))[argc];
      |                   ^~~~~~~~~~~
/root/grpc/build/CMakeFiles/CMakeTmp/CheckSymbolExists.c:27:19: note: each undeclared identifier is reported only once for each function it appears in
gmake[1]: *** [CMakeFiles/cmTC_e833a.dir/build.make:66: CMakeFiles/cmTC_e833a.dir/CheckSymbolExists.c.o] Error 1
gmake[1]: Leaving directory '/root/grpc/build/CMakeFiles/CMakeTmp'
gmake: *** [Makefile:121: cmTC_e833a/fast] Error 2

File /root/grpc/build/CMakeFiles/CMakeTmp/CheckSymbolExists.c:
/* */
#include <stdbool.h>
#include <sys/types.h>
#include <arpa/inet.h>
#include <arpa/nameser.h>
#include <netdb.h>
#include <net/if.h>
#include <netinet/in.h>
#include <netinet/tcp.h>
#include <signal.h>
#include <stdlib.h>
#include <string.h>
#include <strings.h>
#include <sys/ioctl.h>
#include <sys/select.h>
#include <sys/socket.h>
#include <sys/time.h>
#include <sys/uio.h>
#include <time.h>
#include <fcntl.h>
#include <unistd.h>

int main(int argc, char** argv)
{
  (void)argv;
#ifndef ioctlsocket
  return ((int*)(&ioctlsocket))[argc];
#else
  (void)argc;
  return 0;
#endif
}

Determining if the IoctlSocket exist failed with the following output:
Change Dir: /root/grpc/build/CMakeFiles/CMakeTmp

Run Build Command(s):/usr/bin/gmake cmTC_5f00f/fast 
/usr/bin/gmake -f CMakeFiles/cmTC_5f00f.dir/build.make CMakeFiles/cmTC_5f00f.dir/build
gmake[1]: Entering directory '/root/grpc/build/CMakeFiles/CMakeTmp'
Building C object CMakeFiles/cmTC_5f00f.dir/CheckSymbolExists.c.o
/usr/bin/gcc -D_GNU_SOURCE -D_POSIX_C_SOURCE=199309L -D_XOPEN_SOURCE=600  -fPIE   -o CMakeFiles/cmTC_5f00f.dir/CheckSymbolExists.c.o   -c /root/grpc/build/CMakeFiles/CMakeTmp/CheckSymbolExists.c
/root/grpc/build/CMakeFiles/CMakeTmp/CheckSymbolExists.c: In function ‘main’:
/root/grpc/build/CMakeFiles/CMakeTmp/CheckSymbolExists.c:27:19: error: ‘IoctlSocket’ undeclared (first use in this function)
   27 |   return ((int*)(&IoctlSocket))[argc];
      |                   ^~~~~~~~~~~
/root/grpc/build/CMakeFiles/CMakeTmp/CheckSymbolExists.c:27:19: note: each undeclared identifier is reported only once for each function it appears in
gmake[1]: *** [CMakeFiles/cmTC_5f00f.dir/build.make:66: CMakeFiles/cmTC_5f00f.dir/CheckSymbolExists.c.o] Error 1
gmake[1]: Leaving directory '/root/grpc/build/CMakeFiles/CMakeTmp'
gmake: *** [Makefile:121: cmTC_5f00f/fast] Error 2

File /root/grpc/build/CMakeFiles/CMakeTmp/CheckSymbolExists.c:
/* */
#include <stdbool.h>
#include <sys/types.h>
#include <arpa/inet.h>
#include <arpa/nameser.h>
#include <netdb.h>
#include <net/if.h>
#include <netinet/in.h>
#include <netinet/tcp.h>
#include <signal.h>
#include <stdlib.h>
#include <string.h>
#include <strings.h>
#include <sys/ioctl.h>
#include <sys/select.h>
#include <sys/socket.h>
#include <sys/time.h>
#include <sys/uio.h>
#include <time.h>
#include <fcntl.h>
#include <unistd.h>

int main(int argc, char** argv)
{
  (void)argv;
#ifndef IoctlSocket
  return ((int*)(&IoctlSocket))[argc];
#else
  (void)argc;
  return 0;
#endif
}

Determining if the strcmpi exist failed with the following output:
Change Dir: /root/grpc/build/CMakeFiles/CMakeTmp

Run Build Command(s):/usr/bin/gmake cmTC_9fcf9/fast 
/usr/bin/gmake -f CMakeFiles/cmTC_9fcf9.dir/build.make CMakeFiles/cmTC_9fcf9.dir/build
gmake[1]: Entering directory '/root/grpc/build/CMakeFiles/CMakeTmp'
Building C object CMakeFiles/cmTC_9fcf9.dir/CheckSymbolExists.c.o
/usr/bin/gcc -D_GNU_SOURCE -D_POSIX_C_SOURCE=199309L -D_XOPEN_SOURCE=600  -fPIE   -o CMakeFiles/cmTC_9fcf9.dir/CheckSymbolExists.c.o   -c /root/grpc/build/CMakeFiles/CMakeTmp/CheckSymbolExists.c
/root/grpc/build/CMakeFiles/CMakeTmp/CheckSymbolExists.c: In function ‘main’:
/root/grpc/build/CMakeFiles/CMakeTmp/CheckSymbolExists.c:27:19: error: ‘strcmpi’ undeclared (first use in this function); did you mean ‘strcmp’?
   27 |   return ((int*)(&strcmpi))[argc];
      |                   ^~~~~~~
      |                   strcmp
/root/grpc/build/CMakeFiles/CMakeTmp/CheckSymbolExists.c:27:19: note: each undeclared identifier is reported only once for each function it appears in
gmake[1]: *** [CMakeFiles/cmTC_9fcf9.dir/build.make:66: CMakeFiles/cmTC_9fcf9.dir/CheckSymbolExists.c.o] Error 1
gmake[1]: Leaving directory '/root/grpc/build/CMakeFiles/CMakeTmp'
gmake: *** [Makefile:121: cmTC_9fcf9/fast] Error 2

File /root/grpc/build/CMakeFiles/CMakeTmp/CheckSymbolExists.c:
/* */
#include <stdbool.h>
#include <sys/types.h>
#include <arpa/inet.h>
#include <arpa/nameser.h>
#include <netdb.h>
#include <net/if.h>
#include <netinet/in.h>
#include <netinet/tcp.h>
#include <signal.h>
#include <stdlib.h>
#include <string.h>
#include <strings.h>
#include <sys/ioctl.h>
#include <sys/select.h>
#include <sys/socket.h>
#include <sys/time.h>
#include <sys/uio.h>
#include <time.h>
#include <fcntl.h>
#include <unistd.h>

int main(int argc, char** argv)
{
  (void)argv;
#ifndef strcmpi
  return ((int*)(&strcmpi))[argc];
#else
  (void)argc;
  return 0;
#endif
}

Determining if the stricmp exist failed with the following output:
Change Dir: /root/grpc/build/CMakeFiles/CMakeTmp

Run Build Command(s):/usr/bin/gmake cmTC_a2628/fast 
/usr/bin/gmake -f CMakeFiles/cmTC_a2628.dir/build.make CMakeFiles/cmTC_a2628.dir/build
gmake[1]: Entering directory '/root/grpc/build/CMakeFiles/CMakeTmp'
Building C object CMakeFiles/cmTC_a2628.dir/CheckSymbolExists.c.o
/usr/bin/gcc -D_GNU_SOURCE -D_POSIX_C_SOURCE=199309L -D_XOPEN_SOURCE=600  -fPIE   -o CMakeFiles/cmTC_a2628.dir/CheckSymbolExists.c.o   -c /root/grpc/build/CMakeFiles/CMakeTmp/CheckSymbolExists.c
/root/grpc/build/CMakeFiles/CMakeTmp/CheckSymbolExists.c: In function ‘main’:
/root/grpc/build/CMakeFiles/CMakeTmp/CheckSymbolExists.c:27:19: error: ‘stricmp’ undeclared (first use in this function); did you mean ‘strncmp’?
   27 |   return ((int*)(&stricmp))[argc];
      |                   ^~~~~~~
      |                   strncmp
/root/grpc/build/CMakeFiles/CMakeTmp/CheckSymbolExists.c:27:19: note: each undeclared identifier is reported only once for each function it appears in
gmake[1]: *** [CMakeFiles/cmTC_a2628.dir/build.make:66: CMakeFiles/cmTC_a2628.dir/CheckSymbolExists.c.o] Error 1
gmake[1]: Leaving directory '/root/grpc/build/CMakeFiles/CMakeTmp'
gmake: *** [Makefile:121: cmTC_a2628/fast] Error 2

File /root/grpc/build/CMakeFiles/CMakeTmp/CheckSymbolExists.c:
/* */
#include <stdbool.h>
#include <sys/types.h>
#include <arpa/inet.h>
#include <arpa/nameser.h>
#include <netdb.h>
#include <net/if.h>
#include <netinet/in.h>
#include <netinet/tcp.h>
#include <signal.h>
#include <stdlib.h>
#include <string.h>
#include <strings.h>
#include <sys/ioctl.h>
#include <sys/select.h>
#include <sys/socket.h>
#include <sys/time.h>
#include <sys/uio.h>
#include <time.h>
#include <fcntl.h>
#include <unistd.h>

int main(int argc, char** argv)
{
  (void)argv;
#ifndef stricmp
  return ((int*)(&stricmp))[argc];
#else
  (void)argc;
  return 0;
#endif
}

Determining if the strncmpi exist failed with the following output:
Change Dir: /root/grpc/build/CMakeFiles/CMakeTmp

Run Build Command(s):/usr/bin/gmake cmTC_92814/fast 
/usr/bin/gmake -f CMakeFiles/cmTC_92814.dir/build.make CMakeFiles/cmTC_92814.dir/build
gmake[1]: Entering directory '/root/grpc/build/CMakeFiles/CMakeTmp'
Building C object CMakeFiles/cmTC_92814.dir/CheckSymbolExists.c.o
/usr/bin/gcc -D_GNU_SOURCE -D_POSIX_C_SOURCE=199309L -D_XOPEN_SOURCE=600  -fPIE   -o CMakeFiles/cmTC_92814.dir/CheckSymbolExists.c.o   -c /root/grpc/build/CMakeFiles/CMakeTmp/CheckSymbolExists.c
/root/grpc/build/CMakeFiles/CMakeTmp/CheckSymbolExists.c: In function ‘main’:
/root/grpc/build/CMakeFiles/CMakeTmp/CheckSymbolExists.c:27:19: error: ‘strncmpi’ undeclared (first use in this function); did you mean ‘strncmp’?
   27 |   return ((int*)(&strncmpi))[argc];
      |                   ^~~~~~~~
      |                   strncmp
/root/grpc/build/CMakeFiles/CMakeTmp/CheckSymbolExists.c:27:19: note: each undeclared identifier is reported only once for each function it appears in
gmake[1]: *** [CMakeFiles/cmTC_92814.dir/build.make:66: CMakeFiles/cmTC_92814.dir/CheckSymbolExists.c.o] Error 1
gmake[1]: Leaving directory '/root/grpc/build/CMakeFiles/CMakeTmp'
gmake: *** [Makefile:121: cmTC_92814/fast] Error 2

File /root/grpc/build/CMakeFiles/CMakeTmp/CheckSymbolExists.c:
/* */
#include <stdbool.h>
#include <sys/types.h>
#include <arpa/inet.h>
#include <arpa/nameser.h>
#include <netdb.h>
#include <net/if.h>
#include <netinet/in.h>
#include <netinet/tcp.h>
#include <signal.h>
#include <stdlib.h>
#include <string.h>
#include <strings.h>
#include <sys/ioctl.h>
#include <sys/select.h>
#include <sys/socket.h>
#include <sys/time.h>
#include <sys/uio.h>
#include <time.h>
#include <fcntl.h>
#include <unistd.h>

int main(int argc, char** argv)
{
  (void)argv;
#ifndef strncmpi
  return ((int*)(&strncmpi))[argc];
#else
  (void)argc;
  return 0;
#endif
}

Determining if the strnicmp exist failed with the following output:
Change Dir: /root/grpc/build/CMakeFiles/CMakeTmp

Run Build Command(s):/usr/bin/gmake cmTC_bfe43/fast 
/usr/bin/gmake -f CMakeFiles/cmTC_bfe43.dir/build.make CMakeFiles/cmTC_bfe43.dir/build
gmake[1]: Entering directory '/root/grpc/build/CMakeFiles/CMakeTmp'
Building C object CMakeFiles/cmTC_bfe43.dir/CheckSymbolExists.c.o
/usr/bin/gcc -D_GNU_SOURCE -D_POSIX_C_SOURCE=199309L -D_XOPEN_SOURCE=600  -fPIE   -o CMakeFiles/cmTC_bfe43.dir/CheckSymbolExists.c.o   -c /root/grpc/build/CMakeFiles/CMakeTmp/CheckSymbolExists.c
/root/grpc/build/CMakeFiles/CMakeTmp/CheckSymbolExists.c: In function ‘main’:
/root/grpc/build/CMakeFiles/CMakeTmp/CheckSymbolExists.c:27:19: error: ‘strnicmp’ undeclared (first use in this function); did you mean ‘strncmp’?
   27 |   return ((int*)(&strnicmp))[argc];
      |                   ^~~~~~~~
      |                   strncmp
/root/grpc/build/CMakeFiles/CMakeTmp/CheckSymbolExists.c:27:19: note: each undeclared identifier is reported only once for each function it appears in
gmake[1]: *** [CMakeFiles/cmTC_bfe43.dir/build.make:66: CMakeFiles/cmTC_bfe43.dir/CheckSymbolExists.c.o] Error 1
gmake[1]: Leaving directory '/root/grpc/build/CMakeFiles/CMakeTmp'
gmake: *** [Makefile:121: cmTC_bfe43/fast] Error 2

File /root/grpc/build/CMakeFiles/CMakeTmp/CheckSymbolExists.c:
/* */
#include <stdbool.h>
#include <sys/types.h>
#include <arpa/inet.h>
#include <arpa/nameser.h>
#include <netdb.h>
#include <net/if.h>
#include <netinet/in.h>
#include <netinet/tcp.h>
#include <signal.h>
#include <stdlib.h>
#include <string.h>
#include <strings.h>
#include <sys/ioctl.h>
#include <sys/select.h>
#include <sys/socket.h>
#include <sys/time.h>
#include <sys/uio.h>
#include <time.h>
#include <fcntl.h>
#include <unistd.h>

int main(int argc, char** argv)
{
  (void)argv;
#ifndef strnicmp
  return ((int*)(&strnicmp))[argc];
#else
  (void)argc;
  return 0;
#endif
}

Determining if the function __system_property_get exists failed with the following output:
Change Dir: /root/grpc/build/CMakeFiles/CMakeTmp

Run Build Command(s):/usr/bin/gmake cmTC_0bdc2/fast 
/usr/bin/gmake -f CMakeFiles/cmTC_0bdc2.dir/build.make CMakeFiles/cmTC_0bdc2.dir/build
gmake[1]: Entering directory '/root/grpc/build/CMakeFiles/CMakeTmp'
Building C object CMakeFiles/cmTC_0bdc2.dir/CheckFunctionExists.c.o
/usr/bin/gcc -D_GNU_SOURCE -D_POSIX_C_SOURCE=199309L -D_XOPEN_SOURCE=600  -DCHECK_FUNCTION_EXISTS=__system_property_get -fPIE   -o CMakeFiles/cmTC_0bdc2.dir/CheckFunctionExists.c.o   -c /usr/share/cmake/Modules/CheckFunctionExists.c
Linking C executable cmTC_0bdc2
/usr/bin/cmake -E cmake_link_script CMakeFiles/cmTC_0bdc2.dir/link.txt --verbose=1
/usr/bin/gcc  -DCHECK_FUNCTION_EXISTS=__system_property_get    -rdynamic CMakeFiles/cmTC_0bdc2.dir/CheckFunctionExists.c.o  -o cmTC_0bdc2 -lrt 
/usr/bin/ld: CMakeFiles/cmTC_0bdc2.dir/CheckFunctionExists.c.o: in function `main':
CheckFunctionExists.c:(.text+0x10): undefined reference to `__system_property_get'
collect2: error: ld returned 1 exit status
gmake[1]: *** [CMakeFiles/cmTC_0bdc2.dir/build.make:87: cmTC_0bdc2] Error 1
gmake[1]: Leaving directory '/root/grpc/build/CMakeFiles/CMakeTmp'
gmake: *** [Makefile:121: cmTC_0bdc2/fast] Error 2


